<?xml version="1.0" encoding="UTF-8"?>
<testng-results skipped="0" failed="0" ignored="0" total="3" passed="3">
  <reporter-output>
  </reporter-output>
  <suite name="Default suite" duration-ms="7668" started-at="2024-03-24T12:31:06 EDT" finished-at="2024-03-24T12:31:14 EDT">
    <groups>
    </groups>
    <test name="Default test" duration-ms="7668" started-at="2024-03-24T12:31:06 EDT" finished-at="2024-03-24T12:31:14 EDT">
      <class name="com.home.test.PutPatchAndDelete">
        <test-method status="PASS" signature="testDelete()[pri:0, instance:com.home.test.PutPatchAndDelete@e320068]" name="testDelete" duration-ms="5238" started-at="2024-03-24T12:31:06 EDT" finished-at="2024-03-24T12:31:11 EDT">
          <reporter-output>
          </reporter-output>
        </test-method> <!-- testDelete -->
        <test-method status="PASS" signature="testPatch()[pri:0, instance:com.home.test.PutPatchAndDelete@e320068]" name="testPatch" duration-ms="1789" started-at="2024-03-24T12:31:11 EDT" finished-at="2024-03-24T12:31:13 EDT">
          <reporter-output>
          </reporter-output>
        </test-method> <!-- testPatch -->
        <test-method status="PASS" signature="testPut()[pri:0, instance:com.home.test.PutPatchAndDelete@e320068]" name="testPut" duration-ms="505" started-at="2024-03-24T12:31:13 EDT" finished-at="2024-03-24T12:31:14 EDT">
          <reporter-output>
          </reporter-output>
        </test-method> <!-- testPut -->
      </class> <!-- com.home.test.PutPatchAndDelete -->
    </test> <!-- Default test -->
  </suite> <!-- Default suite -->
</testng-results>
