<?xml version="1.0" encoding="UTF-8"?>
<!-- Generated by org.testng.reporters.JUnitXMLReporter -->
<testsuite hostname="WINDOWS-5SROFV6" ignored="0" name="Default test" tests="3" failures="0" timestamp="2024-03-24T12:31:14 EDT" time="7.668" errors="0">
  <testcase name="testDelete" time="5.238" classname="com.home.test.PutPatchAndDelete"/>
  <testcase name="testPatch" time="1.789" classname="com.home.test.PutPatchAndDelete"/>
  <testcase name="testPut" time="0.505" classname="com.home.test.PutPatchAndDelete"/>
</testsuite> <!-- Default test -->
